<?xml version="1.0" encoding="UTF-8"?>
<!-- Generated by org.testng.reporters.JUnitReportReporter -->
<testsuite skipped="16" hostname="CO-IT00444" name="com.training.automation.tests.TravelocityHomeTest" tests="16" failures="0" timestamp="06 dic 2017 20:42:31 GMT" time="0.000" errors="0">
  <testcase name="exercise_1_1" time="0.000" classname="com.training.automation.tests.TravelocityHomeTest">
    <skipped/>
  </testcase> <!-- exercise_1_1 -->
  <testcase name="exersice_1_2_a" time="0.000" classname="com.training.automation.tests.TravelocityHomeTest">
    <skipped/>
  </testcase> <!-- exersice_1_2_a -->
  <testcase name="exersice_1_2_a" time="0.000" classname="com.training.automation.tests.TravelocityHomeTest">
    <skipped/>
  </testcase> <!-- exersice_1_2_a -->
  <testcase name="exersice_1_2_a" time="0.000" classname="com.training.automation.tests.TravelocityHomeTest">
    <skipped/>
  </testcase> <!-- exersice_1_2_a -->
  <testcase name="exersice_1_2_a" time="0.000" classname="com.training.automation.tests.TravelocityHomeTest">
    <skipped/>
  </testcase> <!-- exersice_1_2_a -->
  <testcase name="exersice_1_2_a" time="0.000" classname="com.training.automation.tests.TravelocityHomeTest">
    <skipped/>
  </testcase> <!-- exersice_1_2_a -->
  <testcase name="exersice_1_2_a" time="0.000" classname="com.training.automation.tests.TravelocityHomeTest">
    <skipped/>
  </testcase> <!-- exersice_1_2_a -->
  <testcase name="exersice_1_2_a" time="0.000" classname="com.training.automation.tests.TravelocityHomeTest">
    <skipped/>
  </testcase> <!-- exersice_1_2_a -->
  <testcase name="exersice_1_2_a" time="0.000" classname="com.training.automation.tests.TravelocityHomeTest">
    <skipped/>
  </testcase> <!-- exersice_1_2_a -->
  <testcase name="exersice_1_2_bcd" time="0.000" classname="com.training.automation.tests.TravelocityHomeTest">
    <skipped/>
  </testcase> <!-- exersice_1_2_bcd -->
  <testcase name="exercise_1_3" time="0.000" classname="com.training.automation.tests.TravelocityHomeTest">
    <skipped/>
  </testcase> <!-- exercise_1_3 -->
  <testcase name="exersice_1_3_a" time="0.000" classname="com.training.automation.tests.TravelocityHomeTest">
    <skipped/>
  </testcase> <!-- exersice_1_3_a -->
  <testcase name="exersice_1_4" time="0.000" classname="com.training.automation.tests.TravelocityHomeTest">
    <skipped/>
  </testcase> <!-- exersice_1_4 -->
  <testcase name="exersice_1_5" time="0.000" classname="com.training.automation.tests.TravelocityHomeTest">
    <skipped/>
  </testcase> <!-- exersice_1_5 -->
  <testcase name="exercise_1_67" time="0.000" classname="com.training.automation.tests.TravelocityHomeTest">
    <skipped/>
  </testcase> <!-- exercise_1_67 -->
  <testcase name="exersice_1_8" time="0.000" classname="com.training.automation.tests.TravelocityHomeTest">
    <skipped/>
  </testcase> <!-- exersice_1_8 -->
</testsuite> <!-- com.training.automation.tests.TravelocityHomeTest -->
